<?xml version="1.0" encoding="UTF-8"?>
<testsuite xmlns:xsi="http://www.w3.org/2001/XMLSchema-instance" xsi:noNamespaceSchemaLocation="https://maven.apache.org/surefire/maven-surefire-plugin/xsd/surefire-test-report.xsd" name="net.javaguides.spirngboot.SpringbootTestcontainersDemoApplicationTests" time="0.201" tests="1" errors="1" skipped="0" failures="0">
  <properties>
[...]
</properties>
  <testcase name="givenStudents_whenGetAllStudents_thenListOfStudents" classname="net.javaguides.spirngboot.SpringbootTestcontainersDemoApplicationTests" time="0.001">
    <error message="Could not initialize class net.javaguides.spirngboot.AbstractContainerBaseTest" type="java.lang.NoClassDefFoundError">java.lang.NoClassDefFoundError: Could not initialize class net.javaguides.spirngboot.AbstractContainerBaseTest
Caused by: java.lang.ExceptionInInitializerError: Exception java.lang.IllegalStateException: Could not find a valid Docker environment. Please see logs and check configuration [in thread "main"]
</error>
    <system-out><![CDATA[16:15:31.367 [main] DEBUG org.springframework.test.context.BootstrapUtils - Instantiating CacheAwareContextLoaderDelegate from class [org.springframework.test.context.cache.DefaultCacheAwareContextLoaderDelegate]
16:15:31.368 [main] DEBUG org.springframework.test.context.BootstrapUtils - Instantiating BootstrapContext using constructor [public org.springframework.test.context.support.DefaultBootstrapContext(java.lang.Class,org.springframework.test.context.CacheAwareContextLoaderDelegate)]
16:15:31.371 [main] DEBUG org.springframework.test.context.BootstrapUtils - Instantiating TestContextBootstrapper for test class [net.javaguides.spirngboot.SpringbootTestcontainersDemoApplicationTests] from class [org.springframework.boot.test.context.SpringBootTestContextBootstrapper]
16:15:31.376 [main] INFO org.springframework.boot.test.context.SpringBootTestContextBootstrapper - Neither @ContextConfiguration nor @ContextHierarchy found for test class [net.javaguides.spirngboot.SpringbootTestcontainersDemoApplicationTests], using SpringBootContextLoader
16:15:31.377 [main] DEBUG org.springframework.test.context.support.AbstractContextLoader - Did not detect default resource location for test class [net.javaguides.spirngboot.SpringbootTestcontainersDemoApplicationTests]: class path resource [net/javaguides/spirngboot/SpringbootTestcontainersDemoApplicationTests-context.xml] does not exist
16:15:31.379 [main] DEBUG org.springframework.test.context.support.AbstractContextLoader - Did not detect default resource location for test class [net.javaguides.spirngboot.SpringbootTestcontainersDemoApplicationTests]: class path resource [net/javaguides/spirngboot/SpringbootTestcontainersDemoApplicationTestsContext.groovy] does not exist
16:15:31.379 [main] INFO org.springframework.test.context.support.AbstractContextLoader - Could not detect default resource locations for test class [net.javaguides.spirngboot.SpringbootTestcontainersDemoApplicationTests]: no resource found for suffixes {-context.xml, Context.groovy}.
16:15:31.380 [main] INFO org.springframework.test.context.support.AnnotationConfigContextLoaderUtils - Could not detect default configuration classes for test class [net.javaguides.spirngboot.SpringbootTestcontainersDemoApplicationTests]: SpringbootTestcontainersDemoApplicationTests does not declare any static, non-private, non-final, nested classes annotated with @Configuration.
16:15:31.390 [main] DEBUG org.springframework.test.context.support.ActiveProfilesUtils - Could not find an 'annotation declaring class' for annotation type [org.springframework.test.context.ActiveProfiles] and class [net.javaguides.spirngboot.SpringbootTestcontainersDemoApplicationTests]
16:15:31.397 [main] DEBUG org.springframework.context.annotation.ClassPathScanningCandidateComponentProvider - Identified candidate component class: file [E:\amit\knowledge\TechnicalConnect\Spring-Boot-Test\springboot-testcontainers-demo-main\target\classes\net\javaguides\spirngboot\SpringbootTestcontainersDemoApplication.class]
16:15:31.397 [main] INFO org.springframework.boot.test.context.SpringBootTestContextBootstrapper - Found @SpringBootConfiguration net.javaguides.spirngboot.SpringbootTestcontainersDemoApplication for test class net.javaguides.spirngboot.SpringbootTestcontainersDemoApplicationTests
16:15:31.624 [main] DEBUG org.springframework.boot.test.context.SpringBootTestContextBootstrapper - @TestExecutionListeners is not present for class [net.javaguides.spirngboot.SpringbootTestcontainersDemoApplicationTests]: using defaults.
16:15:31.625 [main] INFO org.springframework.boot.test.context.SpringBootTestContextBootstrapper - Loaded default TestExecutionListener class names from location [META-INF/spring.factories]: [org.springframework.boot.test.mock.mockito.MockitoTestExecutionListener, org.springframework.boot.test.mock.mockito.ResetMocksTestExecutionListener, org.springframework.boot.test.autoconfigure.restdocs.RestDocsTestExecutionListener, org.springframework.boot.test.autoconfigure.web.client.MockRestServiceServerResetTestExecutionListener, org.springframework.boot.test.autoconfigure.web.servlet.MockMvcPrintOnlyOnFailureTestExecutionListener, org.springframework.boot.test.autoconfigure.web.servlet.WebDriverTestExecutionListener, org.springframework.boot.test.autoconfigure.webservices.client.MockWebServiceServerTestExecutionListener, org.springframework.test.context.web.ServletTestExecutionListener, org.springframework.test.context.support.DirtiesContextBeforeModesTestExecutionListener, org.springframework.test.context.event.ApplicationEventsTestExecutionListener, org.springframework.test.context.support.DependencyInjectionTestExecutionListener, org.springframework.test.context.support.DirtiesContextTestExecutionListener, org.springframework.test.context.transaction.TransactionalTestExecutionListener, org.springframework.test.context.jdbc.SqlScriptsTestExecutionListener, org.springframework.test.context.event.EventPublishingTestExecutionListener]
16:15:31.625 [main] INFO org.springframework.boot.test.context.SpringBootTestContextBootstrapper - Using TestExecutionListeners: [org.springframework.test.context.web.ServletTestExecutionListener@282308c3, org.springframework.test.context.support.DirtiesContextBeforeModesTestExecutionListener@5dda14d0, org.springframework.test.context.event.ApplicationEventsTestExecutionListener@1db0ec27, org.springframework.boot.test.mock.mockito.MockitoTestExecutionListener@3d9fc57a, org.springframework.boot.test.autoconfigure.SpringBootDependencyInjectionTestExecutionListener@d4ab71a, org.springframework.test.context.support.DirtiesContextTestExecutionListener@3b4ef7, org.springframework.test.context.transaction.TransactionalTestExecutionListener@1af05b03, org.springframework.test.context.jdbc.SqlScriptsTestExecutionListener@5987e932, org.springframework.test.context.event.EventPublishingTestExecutionListener@1ad777f, org.springframework.boot.test.mock.mockito.ResetMocksTestExecutionListener@5bbbdd4b, org.springframework.boot.test.autoconfigure.restdocs.RestDocsTestExecutionListener@438bad7c, org.springframework.boot.test.autoconfigure.web.client.MockRestServiceServerResetTestExecutionListener@25230246, org.springframework.boot.test.autoconfigure.web.servlet.MockMvcPrintOnlyOnFailureTestExecutionListener@4fdf8f12, org.springframework.boot.test.autoconfigure.web.servlet.WebDriverTestExecutionListener@4a8b5227, org.springframework.boot.test.autoconfigure.webservices.client.MockWebServiceServerTestExecutionListener@54f5f647]
16:15:31.626 [main] DEBUG org.springframework.test.context.support.AbstractDirtiesContextTestExecutionListener - Before test class: context [DefaultTestContext@6979efad testClass = SpringbootTestcontainersDemoApplicationTests, testInstance = [null], testMethod = [null], testException = [null], mergedContextConfiguration = [WebMergedContextConfiguration@5a6d5a8f testClass = SpringbootTestcontainersDemoApplicationTests, locations = '{}', classes = '{class net.javaguides.spirngboot.SpringbootTestcontainersDemoApplication}', contextInitializerClasses = '[]', activeProfiles = '{}', propertySourceLocations = '{}', propertySourceProperties = '{org.springframework.boot.test.context.SpringBootTestContextBootstrapper=true}', contextCustomizers = set[[ImportsContextCustomizer@4a67318f key = [org.springframework.boot.test.autoconfigure.web.servlet.MockMvcAutoConfiguration, org.springframework.boot.test.autoconfigure.web.servlet.MockMvcWebClientAutoConfiguration, org.springframework.boot.test.autoconfigure.web.servlet.MockMvcWebDriverAutoConfiguration, org.springframework.boot.autoconfigure.security.oauth2.client.servlet.OAuth2ClientAutoConfiguration, org.springframework.boot.autoconfigure.security.oauth2.resource.servlet.OAuth2ResourceServerAutoConfiguration, org.springframework.boot.autoconfigure.security.servlet.SecurityAutoConfiguration, org.springframework.boot.autoconfigure.security.servlet.SecurityFilterAutoConfiguration, org.springframework.boot.autoconfigure.security.servlet.UserDetailsServiceAutoConfiguration, org.springframework.boot.test.autoconfigure.web.servlet.MockMvcSecurityConfiguration, org.springframework.boot.test.autoconfigure.web.reactive.WebTestClientAutoConfiguration]], org.springframework.boot.test.context.filter.ExcludeFilterContextCustomizer@57a78e3, org.springframework.boot.test.json.DuplicateJsonObjectContextCustomizerFactory$DuplicateJsonObjectContextCustomizer@2767e23c, org.springframework.boot.test.mock.mockito.MockitoContextCustomizer@0, org.springframework.boot.test.web.client.TestRestTemplateContextCustomizer@1eef9aef, org.springframework.boot.test.autoconfigure.actuate.metrics.MetricsExportContextCustomizerFactory$DisableMetricExportContextCustomizer@247310d0, org.springframework.boot.test.autoconfigure.properties.PropertyMappingContextCustomizer@4b3fa0b3, org.springframework.boot.test.autoconfigure.web.servlet.WebDriverContextCustomizerFactory$Customizer@3de8f619, org.springframework.boot.test.context.SpringBootTestArgs@1, org.springframework.boot.test.context.SpringBootTestWebEnvironment@20d3d15a], resourceBasePath = 'src/main/webapp', contextLoader = 'org.springframework.boot.test.context.SpringBootContextLoader', parent = [null]], attributes = map['org.springframework.test.context.web.ServletTestExecutionListener.activateListener' -> true]], class annotated with @DirtiesContext [false] with mode [null].
]]></system-out>
  </testcase>
</testsuite>